15:37:33 **** Build of configuration flash for project primary ****
python "D:\\itri\\foxBMS\\src\\foxBMS-setup\\.ws/../tools/flashtool/flash.py" 0 
INFO:root:Initialized and in bootstate now!
INFO:root:[256/186328] written
INFO:root:[512/186328] written
INFO:root:[768/186328] written
INFO:root:[1024/186328] written
INFO:root:[1280/186328] written
INFO:root:[1536/186328] written
INFO:root:[1792/186328] written
INFO:root:[2048/186328] written
INFO:root:[2304/186328] written
INFO:root:[2560/186328] written
INFO:root:[2816/186328] written
INFO:root:[3072/186328] written
INFO:root:[3328/186328] written
INFO:root:[3584/186328] written
INFO:root:[3840/186328] written
INFO:root:[4096/186328] written
INFO:root:[4352/186328] written
INFO:root:[4608/186328] written
INFO:root:[4864/186328] written
INFO:root:[5120/186328] written
INFO:root:[5376/186328] written
INFO:root:[5632/186328] written
INFO:root:[5888/186328] written
INFO:root:[6144/186328] written
INFO:root:[6400/186328] written
INFO:root:[6656/186328] written
INFO:root:[6912/186328] written
INFO:root:[7168/186328] written
INFO:root:[7424/186328] written
INFO:root:[7680/186328] written
INFO:root:[7936/186328] written
INFO:root:[8192/186328] written
INFO:root:[8448/186328] written
INFO:root:[8704/186328] written
INFO:root:[8960/186328] written
INFO:root:[9216/186328] written
INFO:root:[9472/186328] written
INFO:root:[9728/186328] written
INFO:root:[9984/186328] written
INFO:root:[10240/186328] written
INFO:root:[10496/186328] written
INFO:root:[10752/186328] written
INFO:root:[11008/186328] written
INFO:root:[11264/186328] written
INFO:root:[11520/186328] written
INFO:root:[11776/186328] written
INFO:root:[12032/186328] written
INFO:root:[12288/186328] written
INFO:root:[12544/186328] written
INFO:root:[12800/186328] written
INFO:root:[13056/186328] written
INFO:root:[13312/186328] written
INFO:root:[13568/186328] written
INFO:root:[13824/186328] written
INFO:root:[14080/186328] written
INFO:root:[14336/186328] written
INFO:root:[14592/186328] written
INFO:root:[14848/186328] written
INFO:root:[15104/186328] written
INFO:root:[15360/186328] written
INFO:root:[15616/186328] written
INFO:root:[15872/186328] written
INFO:root:[16128/186328] written
INFO:root:[16384/186328] written
INFO:root:[16640/186328] written
INFO:root:[16896/186328] written
INFO:root:[17152/186328] written
INFO:root:[17408/186328] written
INFO:root:[17664/186328] written
INFO:root:[17920/186328] written
INFO:root:[18176/186328] written
INFO:root:[18432/186328] written
INFO:root:[18688/186328] written
INFO:root:[18944/186328] written
INFO:root:[19200/186328] written
INFO:root:[19456/186328] written
INFO:root:[19712/186328] written
INFO:root:[19968/186328] written
INFO:root:[20224/186328] written
INFO:root:[20480/186328] written
INFO:root:[20736/186328] written
INFO:root:[20992/186328] written
INFO:root:[21248/186328] written
INFO:root:[21504/186328] written
INFO:root:[21760/186328] written
INFO:root:[22016/186328] written
INFO:root:[22272/186328] written
INFO:root:[22528/186328] written
INFO:root:[22784/186328] written
INFO:root:[23040/186328] written
INFO:root:[23296/186328] written
INFO:root:[23552/186328] written
INFO:root:[23808/186328] written
INFO:root:[24064/186328] written
INFO:root:[24320/186328] written
INFO:root:[24576/186328] written
INFO:root:[24832/186328] written
INFO:root:[25088/186328] written
INFO:root:[25344/186328] written
INFO:root:[25600/186328] written
INFO:root:[25856/186328] written
INFO:root:[26112/186328] written
INFO:root:[26368/186328] written
INFO:root:[26624/186328] written
INFO:root:[26880/186328] written
INFO:root:[27136/186328] written
INFO:root:[27392/186328] written
INFO:root:[27648/186328] written
INFO:root:[27904/186328] written
INFO:root:[28160/186328] written
INFO:root:[28416/186328] written
INFO:root:[28672/186328] written
INFO:root:[28928/186328] written
INFO:root:[29184/186328] written
INFO:root:[29440/186328] written
INFO:root:[29696/186328] written
INFO:root:[29952/186328] written
INFO:root:[30208/186328] written
INFO:root:[30464/186328] written
INFO:root:[30720/186328] written
INFO:root:[30976/186328] written
INFO:root:[31232/186328] written
INFO:root:[31488/186328] written
INFO:root:[31744/186328] written
INFO:root:[32000/186328] written
INFO:root:[32256/186328] written
INFO:root:[32512/186328] written
INFO:root:[32768/186328] written
INFO:root:[33024/186328] written
INFO:root:[33280/186328] written
INFO:root:[33536/186328] written
INFO:root:[33792/186328] written
INFO:root:[34048/186328] written
INFO:root:[34304/186328] written
INFO:root:[34560/186328] written
INFO:root:[34816/186328] written
INFO:root:[35072/186328] written
INFO:root:[35328/186328] written
INFO:root:[35584/186328] written
INFO:root:[35840/186328] written
INFO:root:[36096/186328] written
INFO:root:[36352/186328] written
INFO:root:[36608/186328] written
INFO:root:[36864/186328] written
INFO:root:[37120/186328] written
INFO:root:[37376/186328] written
INFO:root:[37632/186328] written
INFO:root:[37888/186328] written
INFO:root:[38144/186328] written
INFO:root:[38400/186328] written
INFO:root:[38656/186328] written
INFO:root:[38912/186328] written
INFO:root:[39168/186328] written
INFO:root:[39424/186328] written
INFO:root:[39680/186328] written
INFO:root:[39936/186328] written
INFO:root:[40192/186328] written
INFO:root:[40448/186328] written
INFO:root:[40704/186328] written
INFO:root:[40960/186328] written
INFO:root:[41216/186328] written
INFO:root:[41472/186328] written
INFO:root:[41728/186328] written
INFO:root:[41984/186328] written
INFO:root:[42240/186328] written
INFO:root:[42496/186328] written
INFO:root:[42752/186328] written
INFO:root:[43008/186328] written
INFO:root:[43264/186328] written
INFO:root:[43520/186328] written
INFO:root:[43776/186328] written
INFO:root:[44032/186328] written
INFO:root:[44288/186328] written
INFO:root:[44544/186328] written
INFO:root:[44800/186328] written
INFO:root:[45056/186328] written
INFO:root:[45312/186328] written
INFO:root:[45568/186328] written
INFO:root:[45824/186328] written
INFO:root:[46080/186328] written
INFO:root:[46336/186328] written
INFO:root:[46592/186328] written
INFO:root:[46848/186328] written
INFO:root:[47104/186328] written
INFO:root:[47360/186328] written
INFO:root:[47616/186328] written
INFO:root:[47872/186328] written
INFO:root:[48128/186328] written
INFO:root:[48384/186328] written
INFO:root:[48640/186328] written
INFO:root:[48896/186328] written
INFO:root:[49152/186328] written
INFO:root:[49408/186328] written
INFO:root:[49664/186328] written
INFO:root:[49920/186328] written
INFO:root:[50176/186328] written
INFO:root:[50432/186328] written
INFO:root:[50688/186328] written
INFO:root:[50944/186328] written
INFO:root:[51200/186328] written
INFO:root:[51456/186328] written
INFO:root:[51712/186328] written
INFO:root:[51968/186328] written
INFO:root:[52224/186328] written
INFO:root:[52480/186328] written
INFO:root:[52736/186328] written
INFO:root:[52992/186328] written
INFO:root:[53248/186328] written
INFO:root:[53504/186328] written
INFO:root:[53760/186328] written
INFO:root:[54016/186328] written
INFO:root:[54272/186328] written
INFO:root:[54528/186328] written
INFO:root:[54784/186328] written
INFO:root:[55040/186328] written
INFO:root:[55296/186328] written
INFO:root:[55552/186328] written
INFO:root:[55808/186328] written
INFO:root:[56064/186328] written
INFO:root:[56320/186328] written
INFO:root:[56576/186328] written
INFO:root:[56832/186328] written
INFO:root:[57088/186328] written
INFO:root:[57344/186328] written
INFO:root:[57600/186328] written
INFO:root:[57856/186328] written
INFO:root:[58112/186328] written
INFO:root:[58368/186328] written
INFO:root:[58624/186328] written
INFO:root:[58880/186328] written
INFO:root:[59136/186328] written
INFO:root:[59392/186328] written
INFO:root:[59648/186328] written
INFO:root:[59904/186328] written
INFO:root:[60160/186328] written
INFO:root:[60416/186328] written
INFO:root:[60672/186328] written
INFO:root:[60928/186328] written
INFO:root:[61184/186328] written
INFO:root:[61440/186328] written
INFO:root:[61696/186328] written
INFO:root:[61952/186328] written
INFO:root:[62208/186328] written
INFO:root:[62464/186328] written
INFO:root:[62720/186328] written
INFO:root:[62976/186328] written
INFO:root:[63232/186328] written
INFO:root:[63488/186328] written
INFO:root:[63744/186328] written
INFO:root:[64000/186328] written
INFO:root:[64256/186328] written
INFO:root:[64512/186328] written
INFO:root:[64768/186328] written
INFO:root:[65024/186328] written
INFO:root:[65280/186328] written
INFO:root:[65536/186328] written
INFO:root:[65792/186328] written
INFO:root:[66048/186328] written
INFO:root:[66304/186328] written
INFO:root:[66560/186328] written
INFO:root:[66816/186328] written
INFO:root:[67072/186328] written
INFO:root:[67328/186328] written
INFO:root:[67584/186328] written
INFO:root:[67840/186328] written
INFO:root:[68096/186328] written
INFO:root:[68352/186328] written
INFO:root:[68608/186328] written
INFO:root:[68864/186328] written
INFO:root:[69120/186328] written
INFO:root:[69376/186328] written
INFO:root:[69632/186328] written
INFO:root:[69888/186328] written
INFO:root:[70144/186328] written
INFO:root:[70400/186328] written
INFO:root:[70656/186328] written
INFO:root:[70912/186328] written
INFO:root:[71168/186328] written
INFO:root:[71424/186328] written
INFO:root:[71680/186328] written
INFO:root:[71936/186328] written
INFO:root:[72192/186328] written
INFO:root:[72448/186328] written
INFO:root:[72704/186328] written
INFO:root:[72960/186328] written
INFO:root:[73216/186328] written
INFO:root:[73472/186328] written
INFO:root:[73728/186328] written
INFO:root:[73984/186328] written
INFO:root:[74240/186328] written
INFO:root:[74496/186328] written
INFO:root:[74752/186328] written
INFO:root:[75008/186328] written
INFO:root:[75264/186328] written
INFO:root:[75520/186328] written
INFO:root:[75776/186328] written
INFO:root:[76032/186328] written
INFO:root:[76288/186328] written
INFO:root:[76544/186328] written
INFO:root:[76800/186328] written
INFO:root:[77056/186328] written
INFO:root:[77312/186328] written
INFO:root:[77568/186328] written
INFO:root:[77824/186328] written
INFO:root:[78080/186328] written
INFO:root:[78336/186328] written
INFO:root:[78592/186328] written
INFO:root:[78848/186328] written
INFO:root:[79104/186328] written
INFO:root:[79360/186328] written
INFO:root:[79616/186328] written
INFO:root:[79872/186328] written
INFO:root:[80128/186328] written
INFO:root:[80384/186328] written
INFO:root:[80640/186328] written
INFO:root:[80896/186328] written
INFO:root:[81152/186328] written
INFO:root:[81408/186328] written
INFO:root:[81664/186328] written
INFO:root:[81920/186328] written
INFO:root:[82176/186328] written
INFO:root:[82432/186328] written
INFO:root:[82688/186328] written
INFO:root:[82944/186328] written
INFO:root:[83200/186328] written
INFO:root:[83456/186328] written
INFO:root:[83712/186328] written
INFO:root:[83968/186328] written
INFO:root:[84224/186328] written
INFO:root:[84480/186328] written
INFO:root:[84736/186328] written
INFO:root:[84992/186328] written
INFO:root:[85248/186328] written
INFO:root:[85504/186328] written
INFO:root:[85760/186328] written
INFO:root:[86016/186328] written
INFO:root:[86272/186328] written
INFO:root:[86528/186328] written
INFO:root:[86784/186328] written
INFO:root:[87040/186328] written
INFO:root:[87296/186328] written
INFO:root:[87552/186328] written
INFO:root:[87808/186328] written
INFO:root:[88064/186328] written
INFO:root:[88320/186328] written
INFO:root:[88576/186328] written
INFO:root:[88832/186328] written
INFO:root:[89088/186328] written
INFO:root:[89344/186328] written
INFO:root:[89600/186328] written
INFO:root:[89856/186328] written
INFO:root:[90112/186328] written
INFO:root:[90368/186328] written
INFO:root:[90624/186328] written
INFO:root:[90880/186328] written
INFO:root:[91136/186328] written
INFO:root:[91392/186328] written
INFO:root:[91648/186328] written
INFO:root:[91904/186328] written
INFO:root:[92160/186328] written
INFO:root:[92416/186328] written
INFO:root:[92672/186328] written
INFO:root:[92928/186328] written
INFO:root:[93184/186328] written
INFO:root:[93440/186328] written
INFO:root:[93696/186328] written
INFO:root:[93952/186328] written
INFO:root:[94208/186328] written
INFO:root:[94464/186328] written
INFO:root:[94720/186328] written
INFO:root:[94976/186328] written
INFO:root:[95232/186328] written
INFO:root:[95488/186328] written
INFO:root:[95744/186328] written
INFO:root:[96000/186328] written
INFO:root:[96256/186328] written
INFO:root:[96512/186328] written
INFO:root:[96768/186328] written
INFO:root:[97024/186328] written
INFO:root:[97280/186328] written
INFO:root:[97536/186328] written
INFO:root:[97792/186328] written
INFO:root:[98048/186328] written
INFO:root:[98304/186328] written
INFO:root:[98560/186328] written
INFO:root:[98816/186328] written
INFO:root:[99072/186328] written
INFO:root:[99328/186328] written
INFO:root:[99584/186328] written
INFO:root:[99840/186328] written
INFO:root:[100096/186328] written
INFO:root:[100352/186328] written
INFO:root:[100608/186328] written
INFO:root:[100864/186328] written
INFO:root:[101120/186328] written
INFO:root:[101376/186328] written
INFO:root:[101632/186328] written
INFO:root:[101888/186328] written
INFO:root:[102144/186328] written
INFO:root:[102400/186328] written
INFO:root:[102656/186328] written
INFO:root:[102912/186328] written
INFO:root:[103168/186328] written
INFO:root:[103424/186328] written
INFO:root:[103680/186328] written
INFO:root:[103936/186328] written
INFO:root:[104192/186328] written
INFO:root:[104448/186328] written
INFO:root:[104704/186328] written
INFO:root:[104960/186328] written
INFO:root:[105216/186328] written
INFO:root:[105472/186328] written
INFO:root:[105728/186328] written
INFO:root:[105984/186328] written
INFO:root:[106240/186328] written
INFO:root:[106496/186328] written
INFO:root:[106752/186328] written
INFO:root:[107008/186328] written
INFO:root:[107264/186328] written
INFO:root:[107520/186328] written
INFO:root:[107776/186328] written
INFO:root:[108032/186328] written
INFO:root:[108288/186328] written
INFO:root:[108544/186328] written
INFO:root:[108800/186328] written
INFO:root:[109056/186328] written
INFO:root:[109312/186328] written
INFO:root:[109568/186328] written
INFO:root:[109824/186328] written
INFO:root:[110080/186328] written
INFO:root:[110336/186328] written
INFO:root:[110592/186328] written
INFO:root:[110848/186328] written
INFO:root:[111104/186328] written
INFO:root:[111360/186328] written
INFO:root:[111616/186328] written
INFO:root:[111872/186328] written
INFO:root:[112128/186328] written
INFO:root:[112384/186328] written
INFO:root:[112640/186328] written
INFO:root:[112896/186328] written
INFO:root:[113152/186328] written
INFO:root:[113408/186328] written
INFO:root:[113664/186328] written
INFO:root:[113920/186328] written
INFO:root:[114176/186328] written
INFO:root:[114432/186328] written
INFO:root:[114688/186328] written
INFO:root:[114944/186328] written
INFO:root:[115200/186328] written
INFO:root:[115456/186328] written
INFO:root:[115712/186328] written
INFO:root:[115968/186328] written
INFO:root:[116224/186328] written
INFO:root:[116480/186328] written
INFO:root:[116736/186328] written
INFO:root:[116992/186328] written
INFO:root:[117248/186328] written
INFO:root:[117504/186328] written
INFO:root:[117760/186328] written
INFO:root:[118016/186328] written
INFO:root:[118272/186328] written
INFO:root:[118528/186328] written
INFO:root:[118784/186328] written
INFO:root:[119040/186328] written
INFO:root:[119296/186328] written
INFO:root:[119552/186328] written
INFO:root:[119808/186328] written
INFO:root:[120064/186328] written
INFO:root:[120320/186328] written
INFO:root:[120576/186328] written
INFO:root:[120832/186328] written
INFO:root:[121088/186328] written
INFO:root:[121344/186328] written
INFO:root:[121600/186328] written
INFO:root:[121856/186328] written
INFO:root:[122112/186328] written
INFO:root:[122368/186328] written
INFO:root:[122624/186328] written
INFO:root:[122880/186328] written
INFO:root:[123136/186328] written
INFO:root:[123392/186328] written
INFO:root:[123648/186328] written
INFO:root:[123904/186328] written
INFO:root:[124160/186328] written
INFO:root:[124416/186328] written
INFO:root:[124672/186328] written
INFO:root:[124928/186328] written
INFO:root:[125184/186328] written
INFO:root:[125440/186328] written
INFO:root:[125696/186328] written
INFO:root:[125952/186328] written
INFO:root:[126208/186328] written
INFO:root:[126464/186328] written
INFO:root:[126720/186328] written
INFO:root:[126976/186328] written
INFO:root:[127232/186328] written
INFO:root:[127488/186328] written
INFO:root:[127744/186328] written
INFO:root:[128000/186328] written
INFO:root:[128256/186328] written
INFO:root:[128512/186328] written
INFO:root:[128768/186328] written
INFO:root:[129024/186328] written
INFO:root:[129280/186328] written
INFO:root:[129536/186328] written
INFO:root:[129792/186328] written
INFO:root:[130048/186328] written
INFO:root:[130304/186328] written
INFO:root:[130560/186328] written
INFO:root:[130816/186328] written
INFO:root:[131072/186328] written
INFO:root:[131328/186328] written
INFO:root:[131584/186328] written
INFO:root:[131840/186328] written
INFO:root:[132096/186328] written
INFO:root:[132352/186328] written
INFO:root:[132608/186328] written
INFO:root:[132864/186328] written
INFO:root:[133120/186328] written
INFO:root:[133376/186328] written
INFO:root:[133632/186328] written
INFO:root:[133888/186328] written
INFO:root:[134144/186328] written
INFO:root:[134400/186328] written
INFO:root:[134656/186328] written
INFO:root:[134912/186328] written
INFO:root:[135168/186328] written
INFO:root:[135424/186328] written
INFO:root:[135680/186328] written
INFO:root:[135936/186328] written
INFO:root:[136192/186328] written
INFO:root:[136448/186328] written
INFO:root:[136704/186328] written
INFO:root:[136960/186328] written
INFO:root:[137216/186328] written
INFO:root:[137472/186328] written
INFO:root:[137728/186328] written
INFO:root:[137984/186328] written
INFO:root:[138240/186328] written
INFO:root:[138496/186328] written
INFO:root:[138752/186328] written
INFO:root:[139008/186328] written
INFO:root:[139264/186328] written
INFO:root:[139520/186328] written
INFO:root:[139776/186328] written
INFO:root:[140032/186328] written
INFO:root:[140288/186328] written
INFO:root:[140544/186328] written
INFO:root:[140800/186328] written
INFO:root:[141056/186328] written
INFO:root:[141312/186328] written
INFO:root:[141568/186328] written
INFO:root:[141824/186328] written
INFO:root:[142080/186328] written
INFO:root:[142336/186328] written
INFO:root:[142592/186328] written
INFO:root:[142848/186328] written
INFO:root:[143104/186328] written
INFO:root:[143360/186328] written
INFO:root:[143616/186328] written
INFO:root:[143872/186328] written
INFO:root:[144128/186328] written
INFO:root:[144384/186328] written
INFO:root:[144640/186328] written
INFO:root:[144896/186328] written
INFO:root:[145152/186328] written
INFO:root:[145408/186328] written
INFO:root:[145664/186328] written
INFO:root:[145920/186328] written
INFO:root:[146176/186328] written
INFO:root:[146432/186328] written
INFO:root:[146688/186328] written
INFO:root:[146944/186328] written
INFO:root:[147200/186328] written
INFO:root:[147456/186328] written
INFO:root:[147712/186328] written
INFO:root:[147968/186328] written
INFO:root:[148224/186328] written
INFO:root:[148480/186328] written
INFO:root:[148736/186328] written
INFO:root:[148992/186328] written
INFO:root:[149248/186328] written
INFO:root:[149504/186328] written
INFO:root:[149760/186328] written
INFO:root:[150016/186328] written
INFO:root:[150272/186328] written
INFO:root:[150528/186328] written
INFO:root:[150784/186328] written
INFO:root:[151040/186328] written
INFO:root:[151296/186328] written
INFO:root:[151552/186328] written
INFO:root:[151808/186328] written
INFO:root:[152064/186328] written
INFO:root:[152320/186328] written
INFO:root:[152576/186328] written
INFO:root:[152832/186328] written
INFO:root:[153088/186328] written
INFO:root:[153344/186328] written
INFO:root:[153600/186328] written
INFO:root:[153856/186328] written
INFO:root:[154112/186328] written
INFO:root:[154368/186328] written
INFO:root:[154624/186328] written
INFO:root:[154880/186328] written
INFO:root:[155136/186328] written
INFO:root:[155392/186328] written
INFO:root:[155648/186328] written
INFO:root:[155904/186328] written
INFO:root:[156160/186328] written
INFO:root:[156416/186328] written
INFO:root:[156672/186328] written
INFO:root:[156928/186328] written
INFO:root:[157184/186328] written
INFO:root:[157440/186328] written
INFO:root:[157696/186328] written
INFO:root:[157952/186328] written
INFO:root:[158208/186328] written
INFO:root:[158464/186328] written
INFO:root:[158720/186328] written
INFO:root:[158976/186328] written
INFO:root:[159232/186328] written
INFO:root:[159488/186328] written
INFO:root:[159744/186328] written
INFO:root:[160000/186328] written
INFO:root:[160256/186328] written
INFO:root:[160512/186328] written
INFO:root:[160768/186328] written
INFO:root:[161024/186328] written
INFO:root:[161280/186328] written
INFO:root:[161536/186328] written
INFO:root:[161792/186328] written
INFO:root:[162048/186328] written
INFO:root:[162304/186328] written
INFO:root:[162560/186328] written
INFO:root:[162816/186328] written
INFO:root:[163072/186328] written
INFO:root:[163328/186328] written
INFO:root:[163584/186328] written
INFO:root:[163840/186328] written
INFO:root:[164096/186328] written
INFO:root:[164352/186328] written
INFO:root:[164608/186328] written
INFO:root:[164864/186328] written
INFO:root:[165120/186328] written
INFO:root:[165376/186328] written
INFO:root:[165632/186328] written
INFO:root:[165888/186328] written
INFO:root:[166144/186328] written
INFO:root:[166400/186328] written
INFO:root:[166656/186328] written
INFO:root:[166912/186328] written
INFO:root:[167168/186328] written
INFO:root:[167424/186328] written
INFO:root:[167680/186328] written
INFO:root:[167936/186328] written
INFO:root:[168192/186328] written
INFO:root:[168448/186328] written
INFO:root:[168704/186328] written
INFO:root:[168960/186328] written
INFO:root:[169216/186328] written
INFO:root:[169472/186328] written
INFO:root:[169728/186328] written
INFO:root:[169984/186328] written
INFO:root:[170240/186328] written
INFO:root:[170496/186328] written
INFO:root:[170752/186328] written
INFO:root:[171008/186328] written
INFO:root:[171264/186328] written
INFO:root:[171520/186328] written
INFO:root:[171776/186328] written
INFO:root:[172032/186328] written
INFO:root:[172288/186328] written
INFO:root:[172544/186328] written
INFO:root:[172800/186328] written
INFO:root:[173056/186328] written
INFO:root:[173312/186328] written
INFO:root:[173568/186328] written
INFO:root:[173824/186328] written
INFO:root:[174080/186328] written
INFO:root:[174336/186328] written
INFO:root:[174592/186328] written
INFO:root:[174848/186328] written
INFO:root:[175104/186328] written
INFO:root:[175360/186328] written
INFO:root:[175616/186328] written
INFO:root:[175872/186328] written
INFO:root:[176128/186328] written
INFO:root:[176384/186328] written
INFO:root:[176640/186328] written
INFO:root:[176896/186328] written
INFO:root:[177152/186328] written
INFO:root:[177408/186328] written
INFO:root:[177664/186328] written
INFO:root:[177920/186328] written
INFO:root:[178176/186328] written
INFO:root:[178432/186328] written
INFO:root:[178688/186328] written
INFO:root:[178944/186328] written
INFO:root:[179200/186328] written
INFO:root:[179456/186328] written
INFO:root:[179712/186328] written
INFO:root:[179968/186328] written
INFO:root:[180224/186328] written
INFO:root:[180480/186328] written
INFO:root:[180736/186328] written
INFO:root:[180992/186328] written
INFO:root:[181248/186328] written
INFO:root:[181504/186328] written
INFO:root:[181760/186328] written
INFO:root:[182016/186328] written
INFO:root:[182272/186328] written
INFO:root:[182528/186328] written
INFO:root:[182784/186328] written
INFO:root:[183040/186328] written
INFO:root:[183296/186328] written
INFO:root:[183552/186328] written
INFO:root:[183808/186328] written
INFO:root:[184064/186328] written
INFO:root:[184320/186328] written
INFO:root:[184576/186328] written
INFO:root:[184832/186328] written
INFO:root:[185088/186328] written
INFO:root:[185344/186328] written
INFO:root:[185600/186328] written
INFO:root:[185856/186328] written
INFO:root:[186112/186328] written
INFO:root:[186328/186328] written
INFO:root:Flash verify
INFO:root:[256/186328] read 
INFO:root:[512/186328] read 
INFO:root:[768/186328] read 
INFO:root:[1024/186328] read 
INFO:root:[1280/186328] read 
INFO:root:[1536/186328] read 
INFO:root:[1792/186328] read 
INFO:root:[2048/186328] read 
INFO:root:[2304/186328] read 
INFO:root:[2560/186328] read 
INFO:root:[2816/186328] read 
INFO:root:[3072/186328] read 
INFO:root:[3328/186328] read 
INFO:root:[3584/186328] read 
INFO:root:[3840/186328] read 
INFO:root:[4096/186328] read 
INFO:root:[4352/186328] read 
INFO:root:[4608/186328] read 
INFO:root:[4864/186328] read 
INFO:root:[5120/186328] read 
INFO:root:[5376/186328] read 
INFO:root:[5632/186328] read 
INFO:root:[5888/186328] read 
INFO:root:[6144/186328] read 
INFO:root:[6400/186328] read 
INFO:root:[6656/186328] read 
INFO:root:[6912/186328] read 
INFO:root:[7168/186328] read 
INFO:root:[7424/186328] read 
INFO:root:[7680/186328] read 
INFO:root:[7936/186328] read 
INFO:root:[8192/186328] read 
INFO:root:[8448/186328] read 
INFO:root:[8704/186328] read 
INFO:root:[8960/186328] read 
INFO:root:[9216/186328] read 
INFO:root:[9472/186328] read 
INFO:root:[9728/186328] read 
INFO:root:[9984/186328] read 
INFO:root:[10240/186328] read 
INFO:root:[10496/186328] read 
INFO:root:[10752/186328] read 
INFO:root:[11008/186328] read 
INFO:root:[11264/186328] read 
INFO:root:[11520/186328] read 
INFO:root:[11776/186328] read 
INFO:root:[12032/186328] read 
INFO:root:[12288/186328] read 
INFO:root:[12544/186328] read 
INFO:root:[12800/186328] read 
INFO:root:[13056/186328] read 
INFO:root:[13312/186328] read 
INFO:root:[13568/186328] read 
INFO:root:[13824/186328] read 
INFO:root:[14080/186328] read 
INFO:root:[14336/186328] read 
INFO:root:[14592/186328] read 
INFO:root:[14848/186328] read 
INFO:root:[15104/186328] read 
INFO:root:[15360/186328] read 
INFO:root:[15616/186328] read 
INFO:root:[15872/186328] read 
INFO:root:[16128/186328] read 
INFO:root:[16384/186328] read 
INFO:root:[16640/186328] read 
INFO:root:[16896/186328] read 
INFO:root:[17152/186328] read 
INFO:root:[17408/186328] read 
INFO:root:[17664/186328] read 
INFO:root:[17920/186328] read 
INFO:root:[18176/186328] read 
INFO:root:[18432/186328] read 
INFO:root:[18688/186328] read 
INFO:root:[18944/186328] read 
INFO:root:[19200/186328] read 
INFO:root:[19456/186328] read 
INFO:root:[19712/186328] read 
INFO:root:[19968/186328] read 
INFO:root:[20224/186328] read 
INFO:root:[20480/186328] read 
INFO:root:[20736/186328] read 
INFO:root:[20992/186328] read 
INFO:root:[21248/186328] read 
INFO:root:[21504/186328] read 
INFO:root:[21760/186328] read 
INFO:root:[22016/186328] read 
INFO:root:[22272/186328] read 
INFO:root:[22528/186328] read 
INFO:root:[22784/186328] read 
INFO:root:[23040/186328] read 
INFO:root:[23296/186328] read 
INFO:root:[23552/186328] read 
INFO:root:[23808/186328] read 
INFO:root:[24064/186328] read 
INFO:root:[24320/186328] read 
INFO:root:[24576/186328] read 
INFO:root:[24832/186328] read 
INFO:root:[25088/186328] read 
INFO:root:[25344/186328] read 
INFO:root:[25600/186328] read 
INFO:root:[25856/186328] read 
INFO:root:[26112/186328] read 
INFO:root:[26368/186328] read 
INFO:root:[26624/186328] read 
INFO:root:[26880/186328] read 
INFO:root:[27136/186328] read 
INFO:root:[27392/186328] read 
INFO:root:[27648/186328] read 
INFO:root:[27904/186328] read 
INFO:root:[28160/186328] read 
INFO:root:[28416/186328] read 
INFO:root:[28672/186328] read 
INFO:root:[28928/186328] read 
INFO:root:[29184/186328] read 
INFO:root:[29440/186328] read 
INFO:root:[29696/186328] read 
INFO:root:[29952/186328] read 
INFO:root:[30208/186328] read 
INFO:root:[30464/186328] read 
INFO:root:[30720/186328] read 
INFO:root:[30976/186328] read 
INFO:root:[31232/186328] read 
INFO:root:[31488/186328] read 
INFO:root:[31744/186328] read 
INFO:root:[32000/186328] read 
INFO:root:[32256/186328] read 
INFO:root:[32512/186328] read 
INFO:root:[32768/186328] read 
INFO:root:[33024/186328] read 
INFO:root:[33280/186328] read 
INFO:root:[33536/186328] read 
INFO:root:[33792/186328] read 
INFO:root:[34048/186328] read 
INFO:root:[34304/186328] read 
INFO:root:[34560/186328] read 
INFO:root:[34816/186328] read 
INFO:root:[35072/186328] read 
INFO:root:[35328/186328] read 
INFO:root:[35584/186328] read 
INFO:root:[35840/186328] read 
INFO:root:[36096/186328] read 
INFO:root:[36352/186328] read 
INFO:root:[36608/186328] read 
INFO:root:[36864/186328] read 
INFO:root:[37120/186328] read 
INFO:root:[37376/186328] read 
INFO:root:[37632/186328] read 
INFO:root:[37888/186328] read 
INFO:root:[38144/186328] read 
INFO:root:[38400/186328] read 
INFO:root:[38656/186328] read 
INFO:root:[38912/186328] read 
INFO:root:[39168/186328] read 
INFO:root:[39424/186328] read 
INFO:root:[39680/186328] read 
INFO:root:[39936/186328] read 
INFO:root:[40192/186328] read 
INFO:root:[40448/186328] read 
INFO:root:[40704/186328] read 
INFO:root:[40960/186328] read 
INFO:root:[41216/186328] read 
INFO:root:[41472/186328] read 
INFO:root:[41728/186328] read 
INFO:root:[41984/186328] read 
INFO:root:[42240/186328] read 
INFO:root:[42496/186328] read 
INFO:root:[42752/186328] read 
INFO:root:[43008/186328] read 
INFO:root:[43264/186328] read 
INFO:root:[43520/186328] read 
INFO:root:[43776/186328] read 
INFO:root:[44032/186328] read 
INFO:root:[44288/186328] read 
INFO:root:[44544/186328] read 
INFO:root:[44800/186328] read 
INFO:root:[45056/186328] read 
INFO:root:[45312/186328] read 
INFO:root:[45568/186328] read 
INFO:root:[45824/186328] read 
INFO:root:[46080/186328] read 
INFO:root:[46336/186328] read 
INFO:root:[46592/186328] read 
INFO:root:[46848/186328] read 
INFO:root:[47104/186328] read 
INFO:root:[47360/186328] read 
INFO:root:[47616/186328] read 
INFO:root:[47872/186328] read 
INFO:root:[48128/186328] read 
INFO:root:[48384/186328] read 
INFO:root:[48640/186328] read 
INFO:root:[48896/186328] read 
INFO:root:[49152/186328] read 
INFO:root:[49408/186328] read 
INFO:root:[49664/186328] read 
INFO:root:[49920/186328] read 
INFO:root:[50176/186328] read 
INFO:root:[50432/186328] read 
INFO:root:[50688/186328] read 
INFO:root:[50944/186328] read 
INFO:root:[51200/186328] read 
INFO:root:[51456/186328] read 
INFO:root:[51712/186328] read 
INFO:root:[51968/186328] read 
INFO:root:[52224/186328] read 
INFO:root:[52480/186328] read 
INFO:root:[52736/186328] read 
INFO:root:[52992/186328] read 
INFO:root:[53248/186328] read 
INFO:root:[53504/186328] read 
INFO:root:[53760/186328] read 
INFO:root:[54016/186328] read 
INFO:root:[54272/186328] read 
INFO:root:[54528/186328] read 
INFO:root:[54784/186328] read 
INFO:root:[55040/186328] read 
INFO:root:[55296/186328] read 
INFO:root:[55552/186328] read 
INFO:root:[55808/186328] read 
INFO:root:[56064/186328] read 
INFO:root:[56320/186328] read 
INFO:root:[56576/186328] read 
INFO:root:[56832/186328] read 
INFO:root:[57088/186328] read 
INFO:root:[57344/186328] read 
INFO:root:[57600/186328] read 
INFO:root:[57856/186328] read 
INFO:root:[58112/186328] read 
INFO:root:[58368/186328] read 
INFO:root:[58624/186328] read 
INFO:root:[58880/186328] read 
INFO:root:[59136/186328] read 
INFO:root:[59392/186328] read 
INFO:root:[59648/186328] read 
INFO:root:[59904/186328] read 
INFO:root:[60160/186328] read 
INFO:root:[60416/186328] read 
INFO:root:[60672/186328] read 
INFO:root:[60928/186328] read 
INFO:root:[61184/186328] read 
INFO:root:[61440/186328] read 
INFO:root:[61696/186328] read 
INFO:root:[61952/186328] read 
INFO:root:[62208/186328] read 
INFO:root:[62464/186328] read 
INFO:root:[62720/186328] read 
INFO:root:[62976/186328] read 
INFO:root:[63232/186328] read 
INFO:root:[63488/186328] read 
INFO:root:[63744/186328] read 
INFO:root:[64000/186328] read 
INFO:root:[64256/186328] read 
INFO:root:[64512/186328] read 
INFO:root:[64768/186328] read 
INFO:root:[65024/186328] read 
INFO:root:[65280/186328] read 
INFO:root:[65536/186328] read 
INFO:root:[65792/186328] read 
INFO:root:[66048/186328] read 
INFO:root:[66304/186328] read 
INFO:root:[66560/186328] read 
INFO:root:[66816/186328] read 
INFO:root:[67072/186328] read 
INFO:root:[67328/186328] read 
INFO:root:[67584/186328] read 
INFO:root:[67840/186328] read 
INFO:root:[68096/186328] read 
INFO:root:[68352/186328] read 
INFO:root:[68608/186328] read 
INFO:root:[68864/186328] read 
INFO:root:[69120/186328] read 
INFO:root:[69376/186328] read 
INFO:root:[69632/186328] read 
INFO:root:[69888/186328] read 
INFO:root:[70144/186328] read 
INFO:root:[70400/186328] read 
INFO:root:[70656/186328] read 
INFO:root:[70912/186328] read 
INFO:root:[71168/186328] read 
INFO:root:[71424/186328] read 
INFO:root:[71680/186328] read 
INFO:root:[71936/186328] read 
INFO:root:[72192/186328] read 
INFO:root:[72448/186328] read 
INFO:root:[72704/186328] read 
INFO:root:[72960/186328] read 
INFO:root:[73216/186328] read 
INFO:root:[73472/186328] read 
INFO:root:[73728/186328] read 
INFO:root:[73984/186328] read 
INFO:root:[74240/186328] read 
INFO:root:[74496/186328] read 
INFO:root:[74752/186328] read 
INFO:root:[75008/186328] read 
INFO:root:[75264/186328] read 
INFO:root:[75520/186328] read 
INFO:root:[75776/186328] read 
INFO:root:[76032/186328] read 
INFO:root:[76288/186328] read 
INFO:root:[76544/186328] read 
INFO:root:[76800/186328] read 
INFO:root:[77056/186328] read 
INFO:root:[77312/186328] read 
INFO:root:[77568/186328] read 
INFO:root:[77824/186328] read 
INFO:root:[78080/186328] read 
INFO:root:[78336/186328] read 
INFO:root:[78592/186328] read 
INFO:root:[78848/186328] read 
INFO:root:[79104/186328] read 
INFO:root:[79360/186328] read 
INFO:root:[79616/186328] read 
INFO:root:[79872/186328] read 
INFO:root:[80128/186328] read 
INFO:root:[80384/186328] read 
INFO:root:[80640/186328] read 
INFO:root:[80896/186328] read 
INFO:root:[81152/186328] read 
INFO:root:[81408/186328] read 
INFO:root:[81664/186328] read 
INFO:root:[81920/186328] read 
INFO:root:[82176/186328] read 
INFO:root:[82432/186328] read 
INFO:root:[82688/186328] read 
INFO:root:[82944/186328] read 
INFO:root:[83200/186328] read 
INFO:root:[83456/186328] read 
INFO:root:[83712/186328] read 
INFO:root:[83968/186328] read 
INFO:root:[84224/186328] read 
INFO:root:[84480/186328] read 
INFO:root:[84736/186328] read 
INFO:root:[84992/186328] read 
INFO:root:[85248/186328] read 
INFO:root:[85504/186328] read 
INFO:root:[85760/186328] read 
INFO:root:[86016/186328] read 
INFO:root:[86272/186328] read 
INFO:root:[86528/186328] read 
INFO:root:[86784/186328] read 
INFO:root:[87040/186328] read 
INFO:root:[87296/186328] read 
INFO:root:[87552/186328] read 
INFO:root:[87808/186328] read 
INFO:root:[88064/186328] read 
INFO:root:[88320/186328] read 
INFO:root:[88576/186328] read 
INFO:root:[88832/186328] read 
INFO:root:[89088/186328] read 
INFO:root:[89344/186328] read 
INFO:root:[89600/186328] read 
INFO:root:[89856/186328] read 
INFO:root:[90112/186328] read 
INFO:root:[90368/186328] read 
INFO:root:[90624/186328] read 
INFO:root:[90880/186328] read 
INFO:root:[91136/186328] read 
INFO:root:[91392/186328] read 
INFO:root:[91648/186328] read 
INFO:root:[91904/186328] read 
INFO:root:[92160/186328] read 
INFO:root:[92416/186328] read 
INFO:root:[92672/186328] read 
INFO:root:[92928/186328] read 
INFO:root:[93184/186328] read 
INFO:root:[93440/186328] read 
INFO:root:[93696/186328] read 
INFO:root:[93952/186328] read 
INFO:root:[94208/186328] read 
INFO:root:[94464/186328] read 
INFO:root:[94720/186328] read 
INFO:root:[94976/186328] read 
INFO:root:[95232/186328] read 
INFO:root:[95488/186328] read 
INFO:root:[95744/186328] read 
INFO:root:[96000/186328] read 
INFO:root:[96256/186328] read 
INFO:root:[96512/186328] read 
INFO:root:[96768/186328] read 
INFO:root:[97024/186328] read 
INFO:root:[97280/186328] read 
INFO:root:[97536/186328] read 
INFO:root:[97792/186328] read 
INFO:root:[98048/186328] read 
INFO:root:[98304/186328] read 
INFO:root:[98560/186328] read 
INFO:root:[98816/186328] read 
INFO:root:[99072/186328] read 
INFO:root:[99328/186328] read 
INFO:root:[99584/186328] read 
INFO:root:[99840/186328] read 
INFO:root:[100096/186328] read 
INFO:root:[100352/186328] read 
INFO:root:[100608/186328] read 
INFO:root:[100864/186328] read 
INFO:root:[101120/186328] read 
INFO:root:[101376/186328] read 
INFO:root:[101632/186328] read 
INFO:root:[101888/186328] read 
INFO:root:[102144/186328] read 
INFO:root:[102400/186328] read 
INFO:root:[102656/186328] read 
INFO:root:[102912/186328] read 
INFO:root:[103168/186328] read 
INFO:root:[103424/186328] read 
INFO:root:[103680/186328] read 
INFO:root:[103936/186328] read 
INFO:root:[104192/186328] read 
INFO:root:[104448/186328] read 
INFO:root:[104704/186328] read 
INFO:root:[104960/186328] read 
INFO:root:[105216/186328] read 
INFO:root:[105472/186328] read 
INFO:root:[105728/186328] read 
INFO:root:[105984/186328] read 
INFO:root:[106240/186328] read 
INFO:root:[106496/186328] read 
INFO:root:[106752/186328] read 
INFO:root:[107008/186328] read 
INFO:root:[107264/186328] read 
INFO:root:[107520/186328] read 
INFO:root:[107776/186328] read 
INFO:root:[108032/186328] read 
INFO:root:[108288/186328] read 
INFO:root:[108544/186328] read 
INFO:root:[108800/186328] read 
INFO:root:[109056/186328] read 
INFO:root:[109312/186328] read 
INFO:root:[109568/186328] read 
INFO:root:[109824/186328] read 
INFO:root:[110080/186328] read 
INFO:root:[110336/186328] read 
INFO:root:[110592/186328] read 
INFO:root:[110848/186328] read 
INFO:root:[111104/186328] read 
INFO:root:[111360/186328] read 
INFO:root:[111616/186328] read 
INFO:root:[111872/186328] read 
INFO:root:[112128/186328] read 
INFO:root:[112384/186328] read 
INFO:root:[112640/186328] read 
INFO:root:[112896/186328] read 
INFO:root:[113152/186328] read 
INFO:root:[113408/186328] read 
INFO:root:[113664/186328] read 
INFO:root:[113920/186328] read 
INFO:root:[114176/186328] read 
INFO:root:[114432/186328] read 
INFO:root:[114688/186328] read 
INFO:root:[114944/186328] read 
INFO:root:[115200/186328] read 
INFO:root:[115456/186328] read 
INFO:root:[115712/186328] read 
INFO:root:[115968/186328] read 
INFO:root:[116224/186328] read 
INFO:root:[116480/186328] read 
INFO:root:[116736/186328] read 
INFO:root:[116992/186328] read 
INFO:root:[117248/186328] read 
INFO:root:[117504/186328] read 
INFO:root:[117760/186328] read 
INFO:root:[118016/186328] read 
INFO:root:[118272/186328] read 
INFO:root:[118528/186328] read 
INFO:root:[118784/186328] read 
INFO:root:[119040/186328] read 
INFO:root:[119296/186328] read 
INFO:root:[119552/186328] read 
INFO:root:[119808/186328] read 
INFO:root:[120064/186328] read 
INFO:root:[120320/186328] read 
INFO:root:[120576/186328] read 
INFO:root:[120832/186328] read 
INFO:root:[121088/186328] read 
INFO:root:[121344/186328] read 
INFO:root:[121600/186328] read 
INFO:root:[121856/186328] read 
INFO:root:[122112/186328] read 
INFO:root:[122368/186328] read 
INFO:root:[122624/186328] read 
INFO:root:[122880/186328] read 
INFO:root:[123136/186328] read 
INFO:root:[123392/186328] read 
INFO:root:[123648/186328] read 
INFO:root:[123904/186328] read 
INFO:root:[124160/186328] read 
INFO:root:[124416/186328] read 
INFO:root:[124672/186328] read 
INFO:root:[124928/186328] read 
INFO:root:[125184/186328] read 
INFO:root:[125440/186328] read 
INFO:root:[125696/186328] read 
INFO:root:[125952/186328] read 
INFO:root:[126208/186328] read 
INFO:root:[126464/186328] read 
INFO:root:[126720/186328] read 
INFO:root:[126976/186328] read 
INFO:root:[127232/186328] read 
INFO:root:[127488/186328] read 
INFO:root:[127744/186328] read 
INFO:root:[128000/186328] read 
INFO:root:[128256/186328] read 
INFO:root:[128512/186328] read 
INFO:root:[128768/186328] read 
INFO:root:[129024/186328] read 
INFO:root:[129280/186328] read 
INFO:root:[129536/186328] read 
INFO:root:[129792/186328] read 
INFO:root:[130048/186328] read 
INFO:root:[130304/186328] read 
INFO:root:[130560/186328] read 
INFO:root:[130816/186328] read 
INFO:root:[131072/186328] read 
INFO:root:[131328/186328] read 
INFO:root:[131584/186328] read 
INFO:root:[131840/186328] read 
INFO:root:[132096/186328] read 
INFO:root:[132352/186328] read 
INFO:root:[132608/186328] read 
INFO:root:[132864/186328] read 
INFO:root:[133120/186328] read 
INFO:root:[133376/186328] read 
INFO:root:[133632/186328] read 
INFO:root:[133888/186328] read 
INFO:root:[134144/186328] read 
INFO:root:[134400/186328] read 
INFO:root:[134656/186328] read 
INFO:root:[134912/186328] read 
INFO:root:[135168/186328] read 
INFO:root:[135424/186328] read 
INFO:root:[135680/186328] read 
INFO:root:[135936/186328] read 
INFO:root:[136192/186328] read 
INFO:root:[136448/186328] read 
INFO:root:[136704/186328] read 
INFO:root:[136960/186328] read 
INFO:root:[137216/186328] read 
INFO:root:[137472/186328] read 
INFO:root:[137728/186328] read 
INFO:root:[137984/186328] read 
INFO:root:[138240/186328] read 
INFO:root:[138496/186328] read 
INFO:root:[138752/186328] read 
INFO:root:[139008/186328] read 
INFO:root:[139264/186328] read 
INFO:root:[139520/186328] read 
INFO:root:[139776/186328] read 
INFO:root:[140032/186328] read 
INFO:root:[140288/186328] read 
INFO:root:[140544/186328] read 
INFO:root:[140800/186328] read 
INFO:root:[141056/186328] read 
INFO:root:[141312/186328] read 
INFO:root:[141568/186328] read 
INFO:root:[141824/186328] read 
INFO:root:[142080/186328] read 
INFO:root:[142336/186328] read 
INFO:root:[142592/186328] read 
INFO:root:[142848/186328] read 
INFO:root:[143104/186328] read 
INFO:root:[143360/186328] read 
INFO:root:[143616/186328] read 
INFO:root:[143872/186328] read 
INFO:root:[144128/186328] read 
INFO:root:[144384/186328] read 
INFO:root:[144640/186328] read 
INFO:root:[144896/186328] read 
INFO:root:[145152/186328] read 
INFO:root:[145408/186328] read 
INFO:root:[145664/186328] read 
INFO:root:[145920/186328] read 
INFO:root:[146176/186328] read 
INFO:root:[146432/186328] read 
INFO:root:[146688/186328] read 
INFO:root:[146944/186328] read 
INFO:root:[147200/186328] read 
INFO:root:[147456/186328] read 
INFO:root:[147712/186328] read 
INFO:root:[147968/186328] read 
INFO:root:[148224/186328] read 
INFO:root:[148480/186328] read 
INFO:root:[148736/186328] read 
INFO:root:[148992/186328] read 
INFO:root:[149248/186328] read 
INFO:root:[149504/186328] read 
INFO:root:[149760/186328] read 
INFO:root:[150016/186328] read 
INFO:root:[150272/186328] read 
INFO:root:[150528/186328] read 
INFO:root:[150784/186328] read 
INFO:root:[151040/186328] read 
INFO:root:[151296/186328] read 
INFO:root:[151552/186328] read 
INFO:root:[151808/186328] read 
INFO:root:[152064/186328] read 
INFO:root:[152320/186328] read 
INFO:root:[152576/186328] read 
INFO:root:[152832/186328] read 
INFO:root:[153088/186328] read 
INFO:root:[153344/186328] read 
INFO:root:[153600/186328] read 
INFO:root:[153856/186328] read 
INFO:root:[154112/186328] read 
INFO:root:[154368/186328] read 
INFO:root:[154624/186328] read 
INFO:root:[154880/186328] read 
INFO:root:[155136/186328] read 
INFO:root:[155392/186328] read 
INFO:root:[155648/186328] read 
INFO:root:[155904/186328] read 
INFO:root:[156160/186328] read 
INFO:root:[156416/186328] read 
INFO:root:[156672/186328] read 
INFO:root:[156928/186328] read 
INFO:root:[157184/186328] read 
INFO:root:[157440/186328] read 
INFO:root:[157696/186328] read 
INFO:root:[157952/186328] read 
INFO:root:[158208/186328] read 
INFO:root:[158464/186328] read 
INFO:root:[158720/186328] read 
INFO:root:[158976/186328] read 
INFO:root:[159232/186328] read 
INFO:root:[159488/186328] read 
INFO:root:[159744/186328] read 
INFO:root:[160000/186328] read 
INFO:root:[160256/186328] read 
INFO:root:[160512/186328] read 
INFO:root:[160768/186328] read 
INFO:root:[161024/186328] read 
INFO:root:[161280/186328] read 
INFO:root:[161536/186328] read 
INFO:root:[161792/186328] read 
INFO:root:[162048/186328] read 
INFO:root:[162304/186328] read 
INFO:root:[162560/186328] read 
INFO:root:[162816/186328] read 
INFO:root:[163072/186328] read 
INFO:root:[163328/186328] read 
INFO:root:[163584/186328] read 
INFO:root:[163840/186328] read 
INFO:root:[164096/186328] read 
INFO:root:[164352/186328] read 
INFO:root:[164608/186328] read 
INFO:root:[164864/186328] read 
INFO:root:[165120/186328] read 
INFO:root:[165376/186328] read 
INFO:root:[165632/186328] read 
INFO:root:[165888/186328] read 
INFO:root:[166144/186328] read 
INFO:root:[166400/186328] read 
INFO:root:[166656/186328] read 
INFO:root:[166912/186328] read 
INFO:root:[167168/186328] read 
INFO:root:[167424/186328] read 
INFO:root:[167680/186328] read 
INFO:root:[167936/186328] read 
INFO:root:[168192/186328] read 
INFO:root:[168448/186328] read 
INFO:root:[168704/186328] read 
INFO:root:[168960/186328] read 
INFO:root:[169216/186328] read 
INFO:root:[169472/186328] read 
INFO:root:[169728/186328] read 
INFO:root:[169984/186328] read 
INFO:root:[170240/186328] read 
INFO:root:[170496/186328] read 
INFO:root:[170752/186328] read 
INFO:root:[171008/186328] read 
INFO:root:[171264/186328] read 
INFO:root:[171520/186328] read 
INFO:root:[171776/186328] read 
INFO:root:[172032/186328] read 
INFO:root:[172288/186328] read 
INFO:root:[172544/186328] read 
INFO:root:[172800/186328] read 
INFO:root:[173056/186328] read 
INFO:root:[173312/186328] read 
INFO:root:[173568/186328] read 
INFO:root:[173824/186328] read 
INFO:root:[174080/186328] read 
INFO:root:[174336/186328] read 
INFO:root:[174592/186328] read 
INFO:root:[174848/186328] read 
INFO:root:[175104/186328] read 
INFO:root:[175360/186328] read 
INFO:root:[175616/186328] read 
INFO:root:[175872/186328] read 
INFO:root:[176128/186328] read 
INFO:root:[176384/186328] read 
INFO:root:[176640/186328] read 
INFO:root:[176896/186328] read 
INFO:root:[177152/186328] read 
INFO:root:[177408/186328] read 
INFO:root:[177664/186328] read 
INFO:root:[177920/186328] read 
INFO:root:[178176/186328] read 
INFO:root:[178432/186328] read 
INFO:root:[178688/186328] read 
INFO:root:[178944/186328] read 
INFO:root:[179200/186328] read 
INFO:root:[179456/186328] read 
INFO:root:[179712/186328] read 
INFO:root:[179968/186328] read 
INFO:root:[180224/186328] read 
INFO:root:[180480/186328] read 
INFO:root:[180736/186328] read 
INFO:root:[180992/186328] read 
INFO:root:[181248/186328] read 
INFO:root:[181504/186328] read 
INFO:root:[181760/186328] read 
INFO:root:[182016/186328] read 
INFO:root:[182272/186328] read 
INFO:root:[182528/186328] read 
INFO:root:[182784/186328] read 
INFO:root:[183040/186328] read 
INFO:root:[183296/186328] read 
INFO:root:[183552/186328] read 
INFO:root:[183808/186328] read 
INFO:root:[184064/186328] read 
INFO:root:[184320/186328] read 
INFO:root:[184576/186328] read 
INFO:root:[184832/186328] read 
INFO:root:[185088/186328] read 
INFO:root:[185344/186328] read 
INFO:root:[185600/186328] read 
INFO:root:[185856/186328] read 
INFO:root:[186112/186328] read 
INFO:root:[186328/186328] read
INFO:root:Verify successful
INFO:root:Initialized and in bootstate now!
INFO:root:[256/256] written
INFO:root:Flash verify
INFO:root:[256/256] read
INFO:root:Verify successful
foxBMS hardware detected @ COM4 - USB Serial Port (COM4)
Create run string for 'primary-mcu' and 'build\primary\embedded-software\mcu-primary\src\general\foxbms_flash.bin'
Staring flash process: C:\foxconda\python.exe D:\itri\foxBMS\src\foxBMS-setup\.ws/../tools/flashtool\foxflasher.py -p COM4 --erase --write --verify build\primary\embedded-software\mcu-primary\src\general\foxbms_flash.bin --address 0x8000000 -v
Create run string for 'primary-mcu' and 'build\primary\embedded-software\mcu-primary\src\general\foxbms_flashheader.bin'
Staring flash process: C:\foxconda\python.exe D:\itri\foxBMS\src\foxBMS-setup\.ws/../tools/flashtool\foxflasher.py -p COM4 --erase --write --verify build\primary\embedded-software\mcu-primary\src\general\foxbms_flashheader.bin --address 0x80fff00 -v
