11:17:09 **** Incremental Build of configuration flash for project primary ****
python "D:\\itri\\foxBMS\\src\\foxBMS-setup\\.ws/../tools/flashtool/flash.py" 0 
INFO:root:Initialized and in bootstate now!
INFO:root:[256/137292] written
INFO:root:[512/137292] written
INFO:root:[768/137292] written
INFO:root:[1024/137292] written
INFO:root:[1280/137292] written
INFO:root:[1536/137292] written
INFO:root:[1792/137292] written
INFO:root:[2048/137292] written
INFO:root:[2304/137292] written
INFO:root:[2560/137292] written
INFO:root:[2816/137292] written
INFO:root:[3072/137292] written
INFO:root:[3328/137292] written
INFO:root:[3584/137292] written
INFO:root:[3840/137292] written
INFO:root:[4096/137292] written
INFO:root:[4352/137292] written
INFO:root:[4608/137292] written
INFO:root:[4864/137292] written
INFO:root:[5120/137292] written
INFO:root:[5376/137292] written
INFO:root:[5632/137292] written
INFO:root:[5888/137292] written
INFO:root:[6144/137292] written
INFO:root:[6400/137292] written
INFO:root:[6656/137292] written
INFO:root:[6912/137292] written
INFO:root:[7168/137292] written
INFO:root:[7424/137292] written
INFO:root:[7680/137292] written
INFO:root:[7936/137292] written
INFO:root:[8192/137292] written
INFO:root:[8448/137292] written
INFO:root:[8704/137292] written
INFO:root:[8960/137292] written
INFO:root:[9216/137292] written
INFO:root:[9472/137292] written
INFO:root:[9728/137292] written
INFO:root:[9984/137292] written
INFO:root:[10240/137292] written
INFO:root:[10496/137292] written
INFO:root:[10752/137292] written
INFO:root:[11008/137292] written
INFO:root:[11264/137292] written
INFO:root:[11520/137292] written
INFO:root:[11776/137292] written
INFO:root:[12032/137292] written
INFO:root:[12288/137292] written
INFO:root:[12544/137292] written
INFO:root:[12800/137292] written
INFO:root:[13056/137292] written
INFO:root:[13312/137292] written
INFO:root:[13568/137292] written
INFO:root:[13824/137292] written
INFO:root:[14080/137292] written
INFO:root:[14336/137292] written
INFO:root:[14592/137292] written
INFO:root:[14848/137292] written
INFO:root:[15104/137292] written
INFO:root:[15360/137292] written
INFO:root:[15616/137292] written
INFO:root:[15872/137292] written
INFO:root:[16128/137292] written
INFO:root:[16384/137292] written
INFO:root:[16640/137292] written
INFO:root:[16896/137292] written
INFO:root:[17152/137292] written
INFO:root:[17408/137292] written
INFO:root:[17664/137292] written
INFO:root:[17920/137292] written
INFO:root:[18176/137292] written
INFO:root:[18432/137292] written
INFO:root:[18688/137292] written
INFO:root:[18944/137292] written
INFO:root:[19200/137292] written
INFO:root:[19456/137292] written
INFO:root:[19712/137292] written
INFO:root:[19968/137292] written
INFO:root:[20224/137292] written
INFO:root:[20480/137292] written
INFO:root:[20736/137292] written
INFO:root:[20992/137292] written
INFO:root:[21248/137292] written
INFO:root:[21504/137292] written
INFO:root:[21760/137292] written
INFO:root:[22016/137292] written
INFO:root:[22272/137292] written
INFO:root:[22528/137292] written
INFO:root:[22784/137292] written
INFO:root:[23040/137292] written
INFO:root:[23296/137292] written
INFO:root:[23552/137292] written
INFO:root:[23808/137292] written
INFO:root:[24064/137292] written
INFO:root:[24320/137292] written
INFO:root:[24576/137292] written
INFO:root:[24832/137292] written
INFO:root:[25088/137292] written
INFO:root:[25344/137292] written
INFO:root:[25600/137292] written
INFO:root:[25856/137292] written
INFO:root:[26112/137292] written
INFO:root:[26368/137292] written
INFO:root:[26624/137292] written
INFO:root:[26880/137292] written
INFO:root:[27136/137292] written
INFO:root:[27392/137292] written
INFO:root:[27648/137292] written
INFO:root:[27904/137292] written
INFO:root:[28160/137292] written
INFO:root:[28416/137292] written
INFO:root:[28672/137292] written
INFO:root:[28928/137292] written
INFO:root:[29184/137292] written
INFO:root:[29440/137292] written
INFO:root:[29696/137292] written
INFO:root:[29952/137292] written
INFO:root:[30208/137292] written
INFO:root:[30464/137292] written
INFO:root:[30720/137292] written
INFO:root:[30976/137292] written
INFO:root:[31232/137292] written
INFO:root:[31488/137292] written
INFO:root:[31744/137292] written
INFO:root:[32000/137292] written
INFO:root:[32256/137292] written
INFO:root:[32512/137292] written
INFO:root:[32768/137292] written
INFO:root:[33024/137292] written
INFO:root:[33280/137292] written
INFO:root:[33536/137292] written
INFO:root:[33792/137292] written
INFO:root:[34048/137292] written
INFO:root:[34304/137292] written
INFO:root:[34560/137292] written
INFO:root:[34816/137292] written
INFO:root:[35072/137292] written
INFO:root:[35328/137292] written
INFO:root:[35584/137292] written
INFO:root:[35840/137292] written
INFO:root:[36096/137292] written
INFO:root:[36352/137292] written
INFO:root:[36608/137292] written
INFO:root:[36864/137292] written
INFO:root:[37120/137292] written
INFO:root:[37376/137292] written
INFO:root:[37632/137292] written
INFO:root:[37888/137292] written
INFO:root:[38144/137292] written
INFO:root:[38400/137292] written
INFO:root:[38656/137292] written
INFO:root:[38912/137292] written
INFO:root:[39168/137292] written
INFO:root:[39424/137292] written
INFO:root:[39680/137292] written
INFO:root:[39936/137292] written
INFO:root:[40192/137292] written
INFO:root:[40448/137292] written
INFO:root:[40704/137292] written
INFO:root:[40960/137292] written
INFO:root:[41216/137292] written
INFO:root:[41472/137292] written
INFO:root:[41728/137292] written
INFO:root:[41984/137292] written
INFO:root:[42240/137292] written
INFO:root:[42496/137292] written
INFO:root:[42752/137292] written
INFO:root:[43008/137292] written
INFO:root:[43264/137292] written
INFO:root:[43520/137292] written
INFO:root:[43776/137292] written
INFO:root:[44032/137292] written
INFO:root:[44288/137292] written
INFO:root:[44544/137292] written
INFO:root:[44800/137292] written
INFO:root:[45056/137292] written
INFO:root:[45312/137292] written
INFO:root:[45568/137292] written
INFO:root:[45824/137292] written
INFO:root:[46080/137292] written
INFO:root:[46336/137292] written
INFO:root:[46592/137292] written
INFO:root:[46848/137292] written
INFO:root:[47104/137292] written
INFO:root:[47360/137292] written
INFO:root:[47616/137292] written
INFO:root:[47872/137292] written
INFO:root:[48128/137292] written
INFO:root:[48384/137292] written
INFO:root:[48640/137292] written
INFO:root:[48896/137292] written
INFO:root:[49152/137292] written
INFO:root:[49408/137292] written
INFO:root:[49664/137292] written
INFO:root:[49920/137292] written
INFO:root:[50176/137292] written
INFO:root:[50432/137292] written
INFO:root:[50688/137292] written
INFO:root:[50944/137292] written
INFO:root:[51200/137292] written
INFO:root:[51456/137292] written
INFO:root:[51712/137292] written
INFO:root:[51968/137292] written
INFO:root:[52224/137292] written
INFO:root:[52480/137292] written
INFO:root:[52736/137292] written
INFO:root:[52992/137292] written
INFO:root:[53248/137292] written
INFO:root:[53504/137292] written
INFO:root:[53760/137292] written
INFO:root:[54016/137292] written
INFO:root:[54272/137292] written
INFO:root:[54528/137292] written
INFO:root:[54784/137292] written
INFO:root:[55040/137292] written
INFO:root:[55296/137292] written
INFO:root:[55552/137292] written
INFO:root:[55808/137292] written
INFO:root:[56064/137292] written
INFO:root:[56320/137292] written
INFO:root:[56576/137292] written
INFO:root:[56832/137292] written
INFO:root:[57088/137292] written
INFO:root:[57344/137292] written
INFO:root:[57600/137292] written
INFO:root:[57856/137292] written
INFO:root:[58112/137292] written
INFO:root:[58368/137292] written
INFO:root:[58624/137292] written
INFO:root:[58880/137292] written
INFO:root:[59136/137292] written
INFO:root:[59392/137292] written
INFO:root:[59648/137292] written
INFO:root:[59904/137292] written
INFO:root:[60160/137292] written
INFO:root:[60416/137292] written
INFO:root:[60672/137292] written
INFO:root:[60928/137292] written
INFO:root:[61184/137292] written
INFO:root:[61440/137292] written
INFO:root:[61696/137292] written
INFO:root:[61952/137292] written
INFO:root:[62208/137292] written
INFO:root:[62464/137292] written
INFO:root:[62720/137292] written
INFO:root:[62976/137292] written
INFO:root:[63232/137292] written
INFO:root:[63488/137292] written
INFO:root:[63744/137292] written
INFO:root:[64000/137292] written
INFO:root:[64256/137292] written
INFO:root:[64512/137292] written
INFO:root:[64768/137292] written
INFO:root:[65024/137292] written
INFO:root:[65280/137292] written
INFO:root:[65536/137292] written
INFO:root:[65792/137292] written
INFO:root:[66048/137292] written
INFO:root:[66304/137292] written
INFO:root:[66560/137292] written
INFO:root:[66816/137292] written
INFO:root:[67072/137292] written
INFO:root:[67328/137292] written
INFO:root:[67584/137292] written
INFO:root:[67840/137292] written
INFO:root:[68096/137292] written
INFO:root:[68352/137292] written
INFO:root:[68608/137292] written
INFO:root:[68864/137292] written
INFO:root:[69120/137292] written
INFO:root:[69376/137292] written
INFO:root:[69632/137292] written
INFO:root:[69888/137292] written
INFO:root:[70144/137292] written
INFO:root:[70400/137292] written
INFO:root:[70656/137292] written
INFO:root:[70912/137292] written
INFO:root:[71168/137292] written
INFO:root:[71424/137292] written
INFO:root:[71680/137292] written
INFO:root:[71936/137292] written
INFO:root:[72192/137292] written
INFO:root:[72448/137292] written
INFO:root:[72704/137292] written
INFO:root:[72960/137292] written
INFO:root:[73216/137292] written
INFO:root:[73472/137292] written
INFO:root:[73728/137292] written
INFO:root:[73984/137292] written
INFO:root:[74240/137292] written
INFO:root:[74496/137292] written
INFO:root:[74752/137292] written
INFO:root:[75008/137292] written
INFO:root:[75264/137292] written
INFO:root:[75520/137292] written
INFO:root:[75776/137292] written
INFO:root:[76032/137292] written
INFO:root:[76288/137292] written
INFO:root:[76544/137292] written
INFO:root:[76800/137292] written
INFO:root:[77056/137292] written
INFO:root:[77312/137292] written
INFO:root:[77568/137292] written
INFO:root:[77824/137292] written
INFO:root:[78080/137292] written
INFO:root:[78336/137292] written
INFO:root:[78592/137292] written
INFO:root:[78848/137292] written
INFO:root:[79104/137292] written
INFO:root:[79360/137292] written
INFO:root:[79616/137292] written
INFO:root:[79872/137292] written
INFO:root:[80128/137292] written
INFO:root:[80384/137292] written
INFO:root:[80640/137292] written
INFO:root:[80896/137292] written
INFO:root:[81152/137292] written
INFO:root:[81408/137292] written
INFO:root:[81664/137292] written
INFO:root:[81920/137292] written
INFO:root:[82176/137292] written
INFO:root:[82432/137292] written
INFO:root:[82688/137292] written
INFO:root:[82944/137292] written
INFO:root:[83200/137292] written
INFO:root:[83456/137292] written
INFO:root:[83712/137292] written
INFO:root:[83968/137292] written
INFO:root:[84224/137292] written
INFO:root:[84480/137292] written
INFO:root:[84736/137292] written
INFO:root:[84992/137292] written
INFO:root:[85248/137292] written
INFO:root:[85504/137292] written
INFO:root:[85760/137292] written
INFO:root:[86016/137292] written
INFO:root:[86272/137292] written
INFO:root:[86528/137292] written
INFO:root:[86784/137292] written
INFO:root:[87040/137292] written
INFO:root:[87296/137292] written
INFO:root:[87552/137292] written
INFO:root:[87808/137292] written
INFO:root:[88064/137292] written
INFO:root:[88320/137292] written
INFO:root:[88576/137292] written
INFO:root:[88832/137292] written
INFO:root:[89088/137292] written
INFO:root:[89344/137292] written
INFO:root:[89600/137292] written
INFO:root:[89856/137292] written
INFO:root:[90112/137292] written
INFO:root:[90368/137292] written
INFO:root:[90624/137292] written
INFO:root:[90880/137292] written
INFO:root:[91136/137292] written
INFO:root:[91392/137292] written
INFO:root:[91648/137292] written
INFO:root:[91904/137292] written
INFO:root:[92160/137292] written
INFO:root:[92416/137292] written
INFO:root:[92672/137292] written
INFO:root:[92928/137292] written
INFO:root:[93184/137292] written
INFO:root:[93440/137292] written
INFO:root:[93696/137292] written
INFO:root:[93952/137292] written
INFO:root:[94208/137292] written
INFO:root:[94464/137292] written
INFO:root:[94720/137292] written
INFO:root:[94976/137292] written
INFO:root:[95232/137292] written
INFO:root:[95488/137292] written
INFO:root:[95744/137292] written
INFO:root:[96000/137292] written
INFO:root:[96256/137292] written
INFO:root:[96512/137292] written
INFO:root:[96768/137292] written
INFO:root:[97024/137292] written
INFO:root:[97280/137292] written
INFO:root:[97536/137292] written
INFO:root:[97792/137292] written
INFO:root:[98048/137292] written
INFO:root:[98304/137292] written
INFO:root:[98560/137292] written
INFO:root:[98816/137292] written
INFO:root:[99072/137292] written
INFO:root:[99328/137292] written
INFO:root:[99584/137292] written
INFO:root:[99840/137292] written
INFO:root:[100096/137292] written
INFO:root:[100352/137292] written
INFO:root:[100608/137292] written
INFO:root:[100864/137292] written
INFO:root:[101120/137292] written
INFO:root:[101376/137292] written
INFO:root:[101632/137292] written
INFO:root:[101888/137292] written
INFO:root:[102144/137292] written
INFO:root:[102400/137292] written
INFO:root:[102656/137292] written
INFO:root:[102912/137292] written
INFO:root:[103168/137292] written
INFO:root:[103424/137292] written
INFO:root:[103680/137292] written
INFO:root:[103936/137292] written
INFO:root:[104192/137292] written
INFO:root:[104448/137292] written
INFO:root:[104704/137292] written
INFO:root:[104960/137292] written
INFO:root:[105216/137292] written
INFO:root:[105472/137292] written
INFO:root:[105728/137292] written
INFO:root:[105984/137292] written
INFO:root:[106240/137292] written
INFO:root:[106496/137292] written
INFO:root:[106752/137292] written
INFO:root:[107008/137292] written
INFO:root:[107264/137292] written
INFO:root:[107520/137292] written
INFO:root:[107776/137292] written
INFO:root:[108032/137292] written
INFO:root:[108288/137292] written
INFO:root:[108544/137292] written
INFO:root:[108800/137292] written
INFO:root:[109056/137292] written
INFO:root:[109312/137292] written
INFO:root:[109568/137292] written
INFO:root:[109824/137292] written
INFO:root:[110080/137292] written
INFO:root:[110336/137292] written
INFO:root:[110592/137292] written
INFO:root:[110848/137292] written
INFO:root:[111104/137292] written
INFO:root:[111360/137292] written
INFO:root:[111616/137292] written
INFO:root:[111872/137292] written
INFO:root:[112128/137292] written
INFO:root:[112384/137292] written
INFO:root:[112640/137292] written
INFO:root:[112896/137292] written
INFO:root:[113152/137292] written
INFO:root:[113408/137292] written
INFO:root:[113664/137292] written
INFO:root:[113920/137292] written
INFO:root:[114176/137292] written
INFO:root:[114432/137292] written
INFO:root:[114688/137292] written
INFO:root:[114944/137292] written
INFO:root:[115200/137292] written
INFO:root:[115456/137292] written
INFO:root:[115712/137292] written
INFO:root:[115968/137292] written
INFO:root:[116224/137292] written
INFO:root:[116480/137292] written
INFO:root:[116736/137292] written
INFO:root:[116992/137292] written
INFO:root:[117248/137292] written
INFO:root:[117504/137292] written
INFO:root:[117760/137292] written
INFO:root:[118016/137292] written
INFO:root:[118272/137292] written
INFO:root:[118528/137292] written
INFO:root:[118784/137292] written
INFO:root:[119040/137292] written
INFO:root:[119296/137292] written
INFO:root:[119552/137292] written
INFO:root:[119808/137292] written
INFO:root:[120064/137292] written
INFO:root:[120320/137292] written
INFO:root:[120576/137292] written
INFO:root:[120832/137292] written
INFO:root:[121088/137292] written
INFO:root:[121344/137292] written
INFO:root:[121600/137292] written
INFO:root:[121856/137292] written
INFO:root:[122112/137292] written
INFO:root:[122368/137292] written
INFO:root:[122624/137292] written
INFO:root:[122880/137292] written
INFO:root:[123136/137292] written
INFO:root:[123392/137292] written
INFO:root:[123648/137292] written
INFO:root:[123904/137292] written
INFO:root:[124160/137292] written
INFO:root:[124416/137292] written
INFO:root:[124672/137292] written
INFO:root:[124928/137292] written
INFO:root:[125184/137292] written
INFO:root:[125440/137292] written
INFO:root:[125696/137292] written
INFO:root:[125952/137292] written
INFO:root:[126208/137292] written
INFO:root:[126464/137292] written
INFO:root:[126720/137292] written
INFO:root:[126976/137292] written
INFO:root:[127232/137292] written
INFO:root:[127488/137292] written
INFO:root:[127744/137292] written
INFO:root:[128000/137292] written
INFO:root:[128256/137292] written
INFO:root:[128512/137292] written
INFO:root:[128768/137292] written
INFO:root:[129024/137292] written
INFO:root:[129280/137292] written
INFO:root:[129536/137292] written
INFO:root:[129792/137292] written
INFO:root:[130048/137292] written
INFO:root:[130304/137292] written
INFO:root:[130560/137292] written
INFO:root:[130816/137292] written
INFO:root:[131072/137292] written
INFO:root:[131328/137292] written
INFO:root:[131584/137292] written
INFO:root:[131840/137292] written
INFO:root:[132096/137292] written
INFO:root:[132352/137292] written
INFO:root:[132608/137292] written
INFO:root:[132864/137292] written
INFO:root:[133120/137292] written
INFO:root:[133376/137292] written
INFO:root:[133632/137292] written
INFO:root:[133888/137292] written
INFO:root:[134144/137292] written
INFO:root:[134400/137292] written
INFO:root:[134656/137292] written
INFO:root:[134912/137292] written
INFO:root:[135168/137292] written
INFO:root:[135424/137292] written
INFO:root:[135680/137292] written
INFO:root:[135936/137292] written
INFO:root:[136192/137292] written
INFO:root:[136448/137292] written
INFO:root:[136704/137292] written
INFO:root:[136960/137292] written
INFO:root:[137216/137292] written
INFO:root:[137292/137292] written
INFO:root:Flash verify
INFO:root:[256/137292] read 
INFO:root:[512/137292] read 
INFO:root:[768/137292] read 
INFO:root:[1024/137292] read 
INFO:root:[1280/137292] read 
INFO:root:[1536/137292] read 
INFO:root:[1792/137292] read 
INFO:root:[2048/137292] read 
INFO:root:[2304/137292] read 
INFO:root:[2560/137292] read 
INFO:root:[2816/137292] read 
INFO:root:[3072/137292] read 
INFO:root:[3328/137292] read 
INFO:root:[3584/137292] read 
INFO:root:[3840/137292] read 
INFO:root:[4096/137292] read 
INFO:root:[4352/137292] read 
INFO:root:[4608/137292] read 
INFO:root:[4864/137292] read 
INFO:root:[5120/137292] read 
INFO:root:[5376/137292] read 
INFO:root:[5632/137292] read 
INFO:root:[5888/137292] read 
INFO:root:[6144/137292] read 
INFO:root:[6400/137292] read 
INFO:root:[6656/137292] read 
INFO:root:[6912/137292] read 
INFO:root:[7168/137292] read 
INFO:root:[7424/137292] read 
INFO:root:[7680/137292] read 
INFO:root:[7936/137292] read 
INFO:root:[8192/137292] read 
INFO:root:[8448/137292] read 
INFO:root:[8704/137292] read 
INFO:root:[8960/137292] read 
INFO:root:[9216/137292] read 
INFO:root:[9472/137292] read 
INFO:root:[9728/137292] read 
INFO:root:[9984/137292] read 
INFO:root:[10240/137292] read 
INFO:root:[10496/137292] read 
INFO:root:[10752/137292] read 
INFO:root:[11008/137292] read 
INFO:root:[11264/137292] read 
INFO:root:[11520/137292] read 
INFO:root:[11776/137292] read 
INFO:root:[12032/137292] read 
INFO:root:[12288/137292] read 
INFO:root:[12544/137292] read 
INFO:root:[12800/137292] read 
INFO:root:[13056/137292] read 
INFO:root:[13312/137292] read 
INFO:root:[13568/137292] read 
INFO:root:[13824/137292] read 
INFO:root:[14080/137292] read 
INFO:root:[14336/137292] read 
INFO:root:[14592/137292] read 
INFO:root:[14848/137292] read 
INFO:root:[15104/137292] read 
INFO:root:[15360/137292] read 
INFO:root:[15616/137292] read 
INFO:root:[15872/137292] read 
INFO:root:[16128/137292] read 
INFO:root:[16384/137292] read 
INFO:root:[16640/137292] read 
INFO:root:[16896/137292] read 
INFO:root:[17152/137292] read 
INFO:root:[17408/137292] read 
INFO:root:[17664/137292] read 
INFO:root:[17920/137292] read 
INFO:root:[18176/137292] read 
INFO:root:[18432/137292] read 
INFO:root:[18688/137292] read 
INFO:root:[18944/137292] read 
INFO:root:[19200/137292] read 
INFO:root:[19456/137292] read 
INFO:root:[19712/137292] read 
INFO:root:[19968/137292] read 
INFO:root:[20224/137292] read 
INFO:root:[20480/137292] read 
INFO:root:[20736/137292] read 
INFO:root:[20992/137292] read 
INFO:root:[21248/137292] read 
INFO:root:[21504/137292] read 
INFO:root:[21760/137292] read 
INFO:root:[22016/137292] read 
INFO:root:[22272/137292] read 
INFO:root:[22528/137292] read 
INFO:root:[22784/137292] read 
INFO:root:[23040/137292] read 
INFO:root:[23296/137292] read 
INFO:root:[23552/137292] read 
INFO:root:[23808/137292] read 
INFO:root:[24064/137292] read 
INFO:root:[24320/137292] read 
INFO:root:[24576/137292] read 
INFO:root:[24832/137292] read 
INFO:root:[25088/137292] read 
INFO:root:[25344/137292] read 
INFO:root:[25600/137292] read 
INFO:root:[25856/137292] read 
INFO:root:[26112/137292] read 
INFO:root:[26368/137292] read 
INFO:root:[26624/137292] read 
INFO:root:[26880/137292] read 
INFO:root:[27136/137292] read 
INFO:root:[27392/137292] read 
INFO:root:[27648/137292] read 
INFO:root:[27904/137292] read 
INFO:root:[28160/137292] read 
INFO:root:[28416/137292] read 
INFO:root:[28672/137292] read 
INFO:root:[28928/137292] read 
INFO:root:[29184/137292] read 
INFO:root:[29440/137292] read 
INFO:root:[29696/137292] read 
INFO:root:[29952/137292] read 
INFO:root:[30208/137292] read 
INFO:root:[30464/137292] read 
INFO:root:[30720/137292] read 
INFO:root:[30976/137292] read 
INFO:root:[31232/137292] read 
INFO:root:[31488/137292] read 
INFO:root:[31744/137292] read 
INFO:root:[32000/137292] read 
INFO:root:[32256/137292] read 
INFO:root:[32512/137292] read 
INFO:root:[32768/137292] read 
INFO:root:[33024/137292] read 
INFO:root:[33280/137292] read 
INFO:root:[33536/137292] read 
INFO:root:[33792/137292] read 
INFO:root:[34048/137292] read 
INFO:root:[34304/137292] read 
INFO:root:[34560/137292] read 
INFO:root:[34816/137292] read 
INFO:root:[35072/137292] read 
INFO:root:[35328/137292] read 
INFO:root:[35584/137292] read 
INFO:root:[35840/137292] read 
INFO:root:[36096/137292] read 
INFO:root:[36352/137292] read 
INFO:root:[36608/137292] read 
INFO:root:[36864/137292] read 
INFO:root:[37120/137292] read 
INFO:root:[37376/137292] read 
INFO:root:[37632/137292] read 
INFO:root:[37888/137292] read 
INFO:root:[38144/137292] read 
INFO:root:[38400/137292] read 
INFO:root:[38656/137292] read 
INFO:root:[38912/137292] read 
INFO:root:[39168/137292] read 
INFO:root:[39424/137292] read 
INFO:root:[39680/137292] read 
INFO:root:[39936/137292] read 
INFO:root:[40192/137292] read 
INFO:root:[40448/137292] read 
INFO:root:[40704/137292] read 
INFO:root:[40960/137292] read 
INFO:root:[41216/137292] read 
INFO:root:[41472/137292] read 
INFO:root:[41728/137292] read 
INFO:root:[41984/137292] read 
INFO:root:[42240/137292] read 
INFO:root:[42496/137292] read 
INFO:root:[42752/137292] read 
INFO:root:[43008/137292] read 
INFO:root:[43264/137292] read 
INFO:root:[43520/137292] read 
INFO:root:[43776/137292] read 
INFO:root:[44032/137292] read 
INFO:root:[44288/137292] read 
INFO:root:[44544/137292] read 
INFO:root:[44800/137292] read 
INFO:root:[45056/137292] read 
INFO:root:[45312/137292] read 
INFO:root:[45568/137292] read 
INFO:root:[45824/137292] read 
INFO:root:[46080/137292] read 
INFO:root:[46336/137292] read 
INFO:root:[46592/137292] read 
INFO:root:[46848/137292] read 
INFO:root:[47104/137292] read 
INFO:root:[47360/137292] read 
INFO:root:[47616/137292] read 
INFO:root:[47872/137292] read 
INFO:root:[48128/137292] read 
INFO:root:[48384/137292] read 
INFO:root:[48640/137292] read 
INFO:root:[48896/137292] read 
INFO:root:[49152/137292] read 
INFO:root:[49408/137292] read 
INFO:root:[49664/137292] read 
INFO:root:[49920/137292] read 
INFO:root:[50176/137292] read 
INFO:root:[50432/137292] read 
INFO:root:[50688/137292] read 
INFO:root:[50944/137292] read 
INFO:root:[51200/137292] read 
INFO:root:[51456/137292] read 
INFO:root:[51712/137292] read 
INFO:root:[51968/137292] read 
INFO:root:[52224/137292] read 
INFO:root:[52480/137292] read 
INFO:root:[52736/137292] read 
INFO:root:[52992/137292] read 
INFO:root:[53248/137292] read 
INFO:root:[53504/137292] read 
INFO:root:[53760/137292] read 
INFO:root:[54016/137292] read 
INFO:root:[54272/137292] read 
INFO:root:[54528/137292] read 
INFO:root:[54784/137292] read 
INFO:root:[55040/137292] read 
INFO:root:[55296/137292] read 
INFO:root:[55552/137292] read 
INFO:root:[55808/137292] read 
INFO:root:[56064/137292] read 
INFO:root:[56320/137292] read 
INFO:root:[56576/137292] read 
INFO:root:[56832/137292] read 
INFO:root:[57088/137292] read 
INFO:root:[57344/137292] read 
INFO:root:[57600/137292] read 
INFO:root:[57856/137292] read 
INFO:root:[58112/137292] read 
INFO:root:[58368/137292] read 
INFO:root:[58624/137292] read 
INFO:root:[58880/137292] read 
INFO:root:[59136/137292] read 
INFO:root:[59392/137292] read 
INFO:root:[59648/137292] read 
INFO:root:[59904/137292] read 
INFO:root:[60160/137292] read 
INFO:root:[60416/137292] read 
INFO:root:[60672/137292] read 
INFO:root:[60928/137292] read 
INFO:root:[61184/137292] read 
INFO:root:[61440/137292] read 
INFO:root:[61696/137292] read 
INFO:root:[61952/137292] read 
INFO:root:[62208/137292] read 
INFO:root:[62464/137292] read 
INFO:root:[62720/137292] read 
INFO:root:[62976/137292] read 
INFO:root:[63232/137292] read 
INFO:root:[63488/137292] read 
INFO:root:[63744/137292] read 
INFO:root:[64000/137292] read 
INFO:root:[64256/137292] read 
INFO:root:[64512/137292] read 
INFO:root:[64768/137292] read 
INFO:root:[65024/137292] read 
INFO:root:[65280/137292] read 
INFO:root:[65536/137292] read 
INFO:root:[65792/137292] read 
INFO:root:[66048/137292] read 
INFO:root:[66304/137292] read 
INFO:root:[66560/137292] read 
INFO:root:[66816/137292] read 
INFO:root:[67072/137292] read 
INFO:root:[67328/137292] read 
INFO:root:[67584/137292] read 
INFO:root:[67840/137292] read 
INFO:root:[68096/137292] read 
INFO:root:[68352/137292] read 
INFO:root:[68608/137292] read 
INFO:root:[68864/137292] read 
INFO:root:[69120/137292] read 
INFO:root:[69376/137292] read 
INFO:root:[69632/137292] read 
INFO:root:[69888/137292] read 
INFO:root:[70144/137292] read 
INFO:root:[70400/137292] read 
INFO:root:[70656/137292] read 
INFO:root:[70912/137292] read 
INFO:root:[71168/137292] read 
INFO:root:[71424/137292] read 
INFO:root:[71680/137292] read 
INFO:root:[71936/137292] read 
INFO:root:[72192/137292] read 
INFO:root:[72448/137292] read 
INFO:root:[72704/137292] read 
INFO:root:[72960/137292] read 
INFO:root:[73216/137292] read 
INFO:root:[73472/137292] read 
INFO:root:[73728/137292] read 
INFO:root:[73984/137292] read 
INFO:root:[74240/137292] read 
INFO:root:[74496/137292] read 
INFO:root:[74752/137292] read 
INFO:root:[75008/137292] read 
INFO:root:[75264/137292] read 
INFO:root:[75520/137292] read 
INFO:root:[75776/137292] read 
INFO:root:[76032/137292] read 
INFO:root:[76288/137292] read 
INFO:root:[76544/137292] read 
INFO:root:[76800/137292] read 
INFO:root:[77056/137292] read 
INFO:root:[77312/137292] read 
INFO:root:[77568/137292] read 
INFO:root:[77824/137292] read 
INFO:root:[78080/137292] read 
INFO:root:[78336/137292] read 
INFO:root:[78592/137292] read 
INFO:root:[78848/137292] read 
INFO:root:[79104/137292] read 
INFO:root:[79360/137292] read 
INFO:root:[79616/137292] read 
INFO:root:[79872/137292] read 
INFO:root:[80128/137292] read 
INFO:root:[80384/137292] read 
INFO:root:[80640/137292] read 
INFO:root:[80896/137292] read 
INFO:root:[81152/137292] read 
INFO:root:[81408/137292] read 
INFO:root:[81664/137292] read 
INFO:root:[81920/137292] read 
INFO:root:[82176/137292] read 
INFO:root:[82432/137292] read 
INFO:root:[82688/137292] read 
INFO:root:[82944/137292] read 
INFO:root:[83200/137292] read 
INFO:root:[83456/137292] read 
INFO:root:[83712/137292] read 
INFO:root:[83968/137292] read 
INFO:root:[84224/137292] read 
INFO:root:[84480/137292] read 
INFO:root:[84736/137292] read 
INFO:root:[84992/137292] read 
INFO:root:[85248/137292] read 
INFO:root:[85504/137292] read 
INFO:root:[85760/137292] read 
INFO:root:[86016/137292] read 
INFO:root:[86272/137292] read 
INFO:root:[86528/137292] read 
INFO:root:[86784/137292] read 
INFO:root:[87040/137292] read 
INFO:root:[87296/137292] read 
INFO:root:[87552/137292] read 
INFO:root:[87808/137292] read 
INFO:root:[88064/137292] read 
INFO:root:[88320/137292] read 
INFO:root:[88576/137292] read 
INFO:root:[88832/137292] read 
INFO:root:[89088/137292] read 
INFO:root:[89344/137292] read 
INFO:root:[89600/137292] read 
INFO:root:[89856/137292] read 
INFO:root:[90112/137292] read 
INFO:root:[90368/137292] read 
INFO:root:[90624/137292] read 
INFO:root:[90880/137292] read 
INFO:root:[91136/137292] read 
INFO:root:[91392/137292] read 
INFO:root:[91648/137292] read 
INFO:root:[91904/137292] read 
INFO:root:[92160/137292] read 
INFO:root:[92416/137292] read 
INFO:root:[92672/137292] read 
INFO:root:[92928/137292] read 
INFO:root:[93184/137292] read 
INFO:root:[93440/137292] read 
INFO:root:[93696/137292] read 
INFO:root:[93952/137292] read 
INFO:root:[94208/137292] read 
INFO:root:[94464/137292] read 
INFO:root:[94720/137292] read 
INFO:root:[94976/137292] read 
INFO:root:[95232/137292] read 
INFO:root:[95488/137292] read 
INFO:root:[95744/137292] read 
INFO:root:[96000/137292] read 
INFO:root:[96256/137292] read 
INFO:root:[96512/137292] read 
INFO:root:[96768/137292] read 
INFO:root:[97024/137292] read 
INFO:root:[97280/137292] read 
INFO:root:[97536/137292] read 
INFO:root:[97792/137292] read 
INFO:root:[98048/137292] read 
INFO:root:[98304/137292] read 
INFO:root:[98560/137292] read 
INFO:root:[98816/137292] read 
INFO:root:[99072/137292] read 
INFO:root:[99328/137292] read 
INFO:root:[99584/137292] read 
INFO:root:[99840/137292] read 
INFO:root:[100096/137292] read 
INFO:root:[100352/137292] read 
INFO:root:[100608/137292] read 
INFO:root:[100864/137292] read 
INFO:root:[101120/137292] read 
INFO:root:[101376/137292] read 
INFO:root:[101632/137292] read 
INFO:root:[101888/137292] read 
INFO:root:[102144/137292] read 
INFO:root:[102400/137292] read 
INFO:root:[102656/137292] read 
INFO:root:[102912/137292] read 
INFO:root:[103168/137292] read 
INFO:root:[103424/137292] read 
INFO:root:[103680/137292] read 
INFO:root:[103936/137292] read 
INFO:root:[104192/137292] read 
INFO:root:[104448/137292] read 
INFO:root:[104704/137292] read 
INFO:root:[104960/137292] read 
INFO:root:[105216/137292] read 
INFO:root:[105472/137292] read 
INFO:root:[105728/137292] read 
INFO:root:[105984/137292] read 
INFO:root:[106240/137292] read 
INFO:root:[106496/137292] read 
INFO:root:[106752/137292] read 
INFO:root:[107008/137292] read 
INFO:root:[107264/137292] read 
INFO:root:[107520/137292] read 
INFO:root:[107776/137292] read 
INFO:root:[108032/137292] read 
INFO:root:[108288/137292] read 
INFO:root:[108544/137292] read 
INFO:root:[108800/137292] read 
INFO:root:[109056/137292] read 
INFO:root:[109312/137292] read 
INFO:root:[109568/137292] read 
INFO:root:[109824/137292] read 
INFO:root:[110080/137292] read 
INFO:root:[110336/137292] read 
INFO:root:[110592/137292] read 
INFO:root:[110848/137292] read 
INFO:root:[111104/137292] read 
INFO:root:[111360/137292] read 
INFO:root:[111616/137292] read 
INFO:root:[111872/137292] read 
INFO:root:[112128/137292] read 
INFO:root:[112384/137292] read 
INFO:root:[112640/137292] read 
INFO:root:[112896/137292] read 
INFO:root:[113152/137292] read 
INFO:root:[113408/137292] read 
INFO:root:[113664/137292] read 
INFO:root:[113920/137292] read 
INFO:root:[114176/137292] read 
INFO:root:[114432/137292] read 
INFO:root:[114688/137292] read 
INFO:root:[114944/137292] read 
INFO:root:[115200/137292] read 
INFO:root:[115456/137292] read 
INFO:root:[115712/137292] read 
INFO:root:[115968/137292] read 
INFO:root:[116224/137292] read 
INFO:root:[116480/137292] read 
INFO:root:[116736/137292] read 
INFO:root:[116992/137292] read 
INFO:root:[117248/137292] read 
INFO:root:[117504/137292] read 
INFO:root:[117760/137292] read 
INFO:root:[118016/137292] read 
INFO:root:[118272/137292] read 
INFO:root:[118528/137292] read 
INFO:root:[118784/137292] read 
INFO:root:[119040/137292] read 
INFO:root:[119296/137292] read 
INFO:root:[119552/137292] read 
INFO:root:[119808/137292] read 
INFO:root:[120064/137292] read 
INFO:root:[120320/137292] read 
INFO:root:[120576/137292] read 
INFO:root:[120832/137292] read 
INFO:root:[121088/137292] read 
INFO:root:[121344/137292] read 
INFO:root:[121600/137292] read 
INFO:root:[121856/137292] read 
INFO:root:[122112/137292] read 
INFO:root:[122368/137292] read 
INFO:root:[122624/137292] read 
INFO:root:[122880/137292] read 
INFO:root:[123136/137292] read 
INFO:root:[123392/137292] read 
INFO:root:[123648/137292] read 
INFO:root:[123904/137292] read 
INFO:root:[124160/137292] read 
INFO:root:[124416/137292] read 
INFO:root:[124672/137292] read 
INFO:root:[124928/137292] read 
INFO:root:[125184/137292] read 
INFO:root:[125440/137292] read 
INFO:root:[125696/137292] read 
INFO:root:[125952/137292] read 
INFO:root:[126208/137292] read 
INFO:root:[126464/137292] read 
INFO:root:[126720/137292] read 
INFO:root:[126976/137292] read 
INFO:root:[127232/137292] read 
INFO:root:[127488/137292] read 
INFO:root:[127744/137292] read 
INFO:root:[128000/137292] read 
INFO:root:[128256/137292] read 
INFO:root:[128512/137292] read 
INFO:root:[128768/137292] read 
INFO:root:[129024/137292] read 
INFO:root:[129280/137292] read 
INFO:root:[129536/137292] read 
INFO:root:[129792/137292] read 
INFO:root:[130048/137292] read 
INFO:root:[130304/137292] read 
INFO:root:[130560/137292] read 
INFO:root:[130816/137292] read 
INFO:root:[131072/137292] read 
INFO:root:[131328/137292] read 
INFO:root:[131584/137292] read 
INFO:root:[131840/137292] read 
INFO:root:[132096/137292] read 
INFO:root:[132352/137292] read 
INFO:root:[132608/137292] read 
INFO:root:[132864/137292] read 
INFO:root:[133120/137292] read 
INFO:root:[133376/137292] read 
INFO:root:[133632/137292] read 
INFO:root:[133888/137292] read 
INFO:root:[134144/137292] read 
INFO:root:[134400/137292] read 
INFO:root:[134656/137292] read 
INFO:root:[134912/137292] read 
INFO:root:[135168/137292] read 
INFO:root:[135424/137292] read 
INFO:root:[135680/137292] read 
INFO:root:[135936/137292] read 
INFO:root:[136192/137292] read 
INFO:root:[136448/137292] read 
INFO:root:[136704/137292] read 
INFO:root:[136960/137292] read 
INFO:root:[137216/137292] read 
INFO:root:[137292/137292] read
INFO:root:Verify successful
Traceback (most recent call last):
  File "D:\itri\foxBMS\src\foxBMS-setup\.ws/../tools/flashtool\foxflasher.py", line 224, in <module>
    main()
  File "D:\itri\foxBMS\src\foxBMS-setup\.ws/../tools/flashtool\foxflasher.py", line 187, in main
    with FoxFlasher(**vars(args)) as ff:
  File "D:\itri\foxBMS\src\foxBMS-setup\.ws/../tools/flashtool\foxflasher.py", line 38, in __init__
    stm32flasher.STM32Flasher.__init__(self, port, file, **kwargs)
  File "D:\itri\foxBMS\src\foxBMS-setup\tools\flashtool\stm32flasher.py", line 41, in __init__
    self.init()
  File "D:\itri\foxBMS\src\foxBMS-setup\tools\flashtool\stm32interface.py", line 184, in init
    raise InitException("Could not initialize bootsequence. Is the Fox plugged in correctly?")
stm32interface.InitException: Could not initialize bootsequence. Is the Fox plugged in correctly?
foxBMS hardware detected @ COM4 - USB Serial Port (COM4)
Create run string for 'primary-mcu' and 'build\primary\embedded-software\mcu-primary\src\general\foxbms_flash.bin'
Staring flash process: C:\foxconda\python.exe D:\itri\foxBMS\src\foxBMS-setup\.ws/../tools/flashtool\foxflasher.py -p COM4 --erase --write --verify build\primary\embedded-software\mcu-primary\src\general\foxbms_flash.bin --address 0x8000000 -v
Create run string for 'primary-mcu' and 'build\primary\embedded-software\mcu-primary\src\general\foxbms_flashheader.bin'
Staring flash process: C:\foxconda\python.exe D:\itri\foxBMS\src\foxBMS-setup\.ws/../tools/flashtool\foxflasher.py -p COM4 --erase --write --verify build\primary\embedded-software\mcu-primary\src\general\foxbms_flashheader.bin --address 0x80fff00 -v

11:18:33 Build Finished (took 1m:24s.217ms)

